{"name": "test_mul_001", "status": "skipped", "statusDetails": {"message": "XFAIL\n\nAssertionError: assert False", "trace": "self = <test_Cases.test_file_004.Test_004 object at 0x000002150A381DB0>\n\n    @pytest.mark.xfail\n    def test_mul_001(self):\n        a = 10\n        b = 20\n        c = a * b\n        print(\"mul of a and b is \", c)\n        if c == 20:\n            assert True\n        else:\n>           assert False\nE           assert False\n\nE:\\Software Testing Pranay\\Tushar sir Selenium Automation testing\\1)06.05.2023 pytest,decorators,assertion,html report\\pytest_july_project\\test_Cases\\test_file_004.py:14: AssertionError"}, "attachments": [{"name": "stdout", "source": "e54d6107-3492-4d4a-8958-b93fa2c58493-attachment.txt", "type": "text/plain"}], "start": 1690719311653, "stop": 1690719311653, "uuid": "f0b5550f-29e1-424a-8ac5-a5e1e700b23f", "historyId": "fe20a383048190a7e21d6ec1002cd9d6", "testCaseId": "fe20a383048190a7e21d6ec1002cd9d6", "fullName": "test_Cases.test_file_004.Test_004#test_mul_001", "labels": [{"name": "tag", "value": "@pytest.mark.xfail"}, {"name": "parentSuite", "value": "test_Cases"}, {"name": "suite", "value": "test_file_004"}, {"name": "subSuite", "value": "Test_004"}, {"name": "host", "value": "LAPTOP-1SUIM47S"}, {"name": "thread", "value": "19164-MainThread"}, {"name": "framework", "value": "pytest"}, {"name": "language", "value": "cpython3"}, {"name": "package", "value": "test_Cases.test_file_004"}]}